\BOOKMARK [1][-]{section.1}{Comprensi\363n del Negocio}{}% 1
\BOOKMARK [2][-]{subsection.1.1}{Determinar los Objetivos del Negocio}{section.1}% 2
\BOOKMARK [3][-]{subsubsection.1.1.1}{Contexto}{subsection.1.1}% 3
\BOOKMARK [3][-]{subsubsection.1.1.2}{Objetivos del negocio}{subsection.1.1}% 4
\BOOKMARK [3][-]{subsubsection.1.1.3}{Criterios de \351xito del negocio}{subsection.1.1}% 5
\BOOKMARK [2][-]{subsection.1.2}{Evaluaci\363n de la Situaci\363n}{section.1}% 6
\BOOKMARK [3][-]{subsubsection.1.2.1}{Inventario de recursos}{subsection.1.2}% 7
\BOOKMARK [3][-]{subsubsection.1.2.2}{Requisitos, supuestos y restricciones}{subsection.1.2}% 8
\BOOKMARK [3][-]{subsubsection.1.2.3}{Terminolog\355a}{subsection.1.2}% 9
\BOOKMARK [3][-]{subsubsection.1.2.4}{Costes y beneficios}{subsection.1.2}% 10
\BOOKMARK [2][-]{subsection.1.3}{Determinar los Objetivos de la Miner\355a de Datos}{section.1}% 11
\BOOKMARK [3][-]{subsubsection.1.3.1}{Criterios de \351xito de miner\355a de datos}{subsection.1.3}% 12
\BOOKMARK [2][-]{subsection.1.4}{Realizar el Plan del Proyecto}{section.1}% 13
\BOOKMARK [3][-]{subsubsection.1.4.1}{Evaluaci\363n inicial de herramientas y t\351cnicas}{subsection.1.4}% 14
\BOOKMARK [1][-]{section.2}{Comprensi\363n de los Datos}{}% 15
\BOOKMARK [2][-]{subsection.2.1}{Recolectar los Datos Iniciales}{section.2}% 16
\BOOKMARK [2][-]{subsection.2.2}{Descripci\363n de los Datos}{section.2}% 17
\BOOKMARK [2][-]{subsection.2.3}{Exploraci\363n de los Datos}{section.2}% 18
\BOOKMARK [2][-]{subsection.2.4}{Verificar la Calidad de los Datos}{section.2}% 19
\BOOKMARK [1][-]{section.3}{Preparaci\363n de los Datos}{}% 20
\BOOKMARK [2][-]{subsection.3.1}{Seleccionar los Datos}{section.3}% 21
\BOOKMARK [2][-]{subsection.3.2}{Limpiar los Datos}{section.3}% 22
\BOOKMARK [2][-]{subsection.3.3}{Construir los Datos}{section.3}% 23
\BOOKMARK [2][-]{subsection.3.4}{Integrar los Datos}{section.3}% 24
\BOOKMARK [2][-]{subsection.3.5}{Formateo de los Datos}{section.3}% 25
\BOOKMARK [1][-]{section.4}{Modelado}{}% 26
\BOOKMARK [2][-]{subsection.4.1}{Escoger la T\351cnica de Modelado}{section.4}% 27
\BOOKMARK [2][-]{subsection.4.2}{Generar el Plan de Prueba}{section.4}% 28
\BOOKMARK [2][-]{subsection.4.3}{Construir el Modelo}{section.4}% 29
\BOOKMARK [2][-]{subsection.4.4}{Evaluar el Modelo}{section.4}% 30
\BOOKMARK [1][-]{section.5}{Evaluaci\363n}{}% 31
\BOOKMARK [2][-]{subsection.5.1}{Evaluar los Resultados}{section.5}% 32
\BOOKMARK [2][-]{subsection.5.2}{Revisar el Proceso}{section.5}% 33
\BOOKMARK [2][-]{subsection.5.3}{Determinar los Pr\363ximos Pasos}{section.5}% 34
\BOOKMARK [1][-]{section.6}{Implantaci\363n}{}% 35
\BOOKMARK [2][-]{subsection.6.1}{Planear la Implantaci\363n}{section.6}% 36
\BOOKMARK [2][-]{subsection.6.2}{Planear la Monitorizaci\363n y el Mantenimiento}{section.6}% 37
\BOOKMARK [2][-]{subsection.6.3}{Producir el Informe Final}{section.6}% 38
\BOOKMARK [2][-]{subsection.6.4}{Revisar el Proyecto}{section.6}% 39
