\BOOKMARK [1][-]{section.1}{Motivaci\363n y definici\363n del MEV}{}% 1
\BOOKMARK [2][-]{subsection.1.1}{Motivaci\363n}{section.1}% 2
\BOOKMARK [2][-]{subsection.1.2}{Definici\363n del MEV}{section.1}% 3
\BOOKMARK [1][-]{section.2}{Tipos de MEV}{}% 4
\BOOKMARK [2][-]{subsection.2.1}{Modelo Booleano}{section.2}% 5
\BOOKMARK [2][-]{subsection.2.2}{Modelo Probabil\355stico}{section.2}% 6
\BOOKMARK [2][-]{subsection.2.3}{Modelo Vectorial}{section.2}% 7
\BOOKMARK [1][-]{section.3}{Medidas de c\341lculo de relevancia}{}% 8
\BOOKMARK [1][-]{section.4}{C\341lculo de similitud entre vectores de un MEV}{}% 9
\BOOKMARK [2][-]{subsection.4.1}{Mediante el producto escalar}{section.4}% 10
\BOOKMARK [3][-]{subsubsection.4.1.1}{Modalidad de pesos binarios}{subsection.4.1}% 11
\BOOKMARK [3][-]{subsubsection.4.1.2}{Modalidad de pesos TF-IDF}{subsection.4.1}% 12
\BOOKMARK [2][-]{subsection.4.2}{Mediante la f\363rmula del coseno}{section.4}% 13
\BOOKMARK [2][-]{subsection.4.3}{Mediante el coeficiente de Dice}{section.4}% 14
\BOOKMARK [2][-]{subsection.4.4}{Mediante el coeficiente de Jaccard}{section.4}% 15
\BOOKMARK [1][-]{section.5}{Espacios vectoriales basados en word embeddings}{}% 16
\BOOKMARK [1][-]{section.6}{Algunas de las aplicaciones de los word embeddings}{}% 17
\BOOKMARK [2][-]{subsection.6.1}{Word2vec}{section.6}% 18
\BOOKMARK [2][-]{subsection.6.2}{Doc2vec}{section.6}% 19
\BOOKMARK [2][-]{subsection.6.3}{FastText}{section.6}% 20
\BOOKMARK [2][-]{subsection.6.4}{GloVe}{section.6}% 21
\BOOKMARK [1][-]{section.7}{Reflexi\363n personal sobre la utilidad y futuro de los MEV}{}% 22
