\BOOKMARK [1][-]{section*.2}{\376\377\000A\000n\000\341\000l\000i\000s\000i\000s\000\040\000e\000x\000p\000l\000o\000r\000a\000t\000o\000r\000i\000o\000\040\000d\000e\000\040\000l\000o\000s\000\040\000d\000a\000t\000o\000s}{}% 1
\BOOKMARK [2][-]{section*.3}{\376\377\000V\000a\000r\000i\000a\000b\000l\000e\000\040\000t\000a\000r\000g\000e\000t}{section*.2}% 2
\BOOKMARK [2][-]{section*.4}{\376\377\000V\000a\000r\000i\000a\000b\000l\000e\000\040\000k\000e\000y\000w\000o\000r\000d}{section*.2}% 3
\BOOKMARK [2][-]{section*.5}{\376\377\000V\000a\000r\000i\000a\000b\000l\000e\000\040\000l\000o\000c\000a\000t\000i\000o\000n}{section*.2}% 4
\BOOKMARK [2][-]{section*.6}{\376\377\000V\000a\000r\000i\000a\000b\000l\000e\000\040\000i\000d}{section*.2}% 5
\BOOKMARK [2][-]{section*.7}{\376\377\000C\000o\000n\000c\000l\000u\000s\000i\000\363\000n\000\040\000a\000n\000\341\000l\000i\000s\000i\000s\000\040\000e\000x\000p\000l\000o\000r\000a\000t\000o\000r\000i\000o}{section*.2}% 6
\BOOKMARK [1][-]{section*.8}{\376\377\000P\000r\000o\000c\000e\000s\000a\000m\000i\000e\000n\000t\000o\000\040\000d\000e\000\040\000t\000e\000x\000t\000o}{}% 7
\BOOKMARK [2][-]{section*.9}{\376\377\000C\000o\000r\000p\000u\000s}{section*.8}% 8
\BOOKMARK [2][-]{section*.10}{\376\377\000L\000i\000m\000p\000i\000e\000z\000a\000\040\000d\000e\000l\000\040\000t\000e\000x\000t\000o}{section*.8}% 9
\BOOKMARK [1][-]{section*.11}{\376\377\000C\000r\000e\000a\000c\000i\000\363\000n\000\040\000d\000e\000\040\000u\000n\000\040\000m\000o\000d\000e\000l\000o\000\040\000p\000r\000e\000d\000i\000c\000t\000i\000v\000o}{}% 10
\BOOKMARK [2][-]{section*.12}{\376\377\000P\000r\000e\000p\000r\000o\000c\000e\000s\000a\000d\000o\000\040\000d\000e\000\040\000l\000o\000s\000\040\000d\000a\000t\000o\000s}{section*.11}% 11
\BOOKMARK [3][-]{section*.13}{\376\377\000F\000e\000a\000t\000u\000r\000e\000\040\000E\000x\000t\000r\000a\000c\000t\000i\000o\000n\000\040\000m\000e\000d\000i\000a\000n\000t\000e\000\040\000S\000V\000D}{section*.12}% 12
\BOOKMARK [2][-]{section*.14}{\376\377\000D\000i\000v\000i\000s\000i\000\363\000n\000\040\000d\000e\000\040\000l\000o\000s\000\040\000d\000a\000t\000o\000s\000\040\000e\000n\000\040\000t\000r\000a\000i\000n\000\040\000y\000\040\000t\000e\000s\000t}{section*.11}% 13
\BOOKMARK [2][-]{section*.15}{\376\377\000S\000e\000l\000e\000c\000c\000i\000\363\000n\000\040\000d\000e\000\040\000v\000a\000r\000i\000a\000b\000l\000e\000s}{section*.11}% 14
\BOOKMARK [2][-]{section*.16}{\376\377\000E\000n\000t\000r\000e\000n\000a\000m\000i\000e\000n\000t\000o\000\040\000d\000e\000\040\000m\000o\000d\000e\000l\000o\000s}{section*.11}% 15
\BOOKMARK [3][-]{section*.17}{\376\377\000R\000e\000g\000r\000e\000s\000i\000\363\000n\000\040\000L\000o\000g\000\355\000s\000t\000i\000c\000a}{section*.16}% 16
\BOOKMARK [3][-]{section*.18}{\376\377\000R\000a\000n\000d\000o\000m\000\040\000F\000o\000r\000e\000s\000t}{section*.16}% 17
\BOOKMARK [3][-]{section*.19}{\376\377\000G\000r\000a\000d\000i\000e\000n\000t\000\040\000B\000o\000o\000s\000t\000i\000n\000g}{section*.16}% 18
\BOOKMARK [3][-]{section*.20}{\376\377\000S\000V\000M}{section*.16}% 19
\BOOKMARK [2][-]{section*.21}{\376\377\000E\000v\000a\000l\000u\000a\000c\000i\000\363\000n\000\040\000d\000e\000\040\000m\000o\000d\000e\000l\000o\000s\000\040\000m\000e\000d\000i\000a\000n\000t\000e\000\040\000r\000e\000s\000a\000m\000p\000l\000i\000n\000g}{section*.11}% 20
\BOOKMARK [3][-]{section*.22}{\376\377\000W\000i\000l\000c\000o\000x\000o\000n\000\040\000s\000i\000g\000n\000e\000d\000-\000r\000a\000n\000k\000\040\000t\000e\000s\000t}{section*.21}% 21
\BOOKMARK [3][-]{section*.23}{\376\377\000C\000o\000n\000c\000l\000u\000s\000i\000\363\000n\000\040\000e\000v\000a\000l\000u\000a\000c\000i\000\363\000n\000\040\000d\000e\000\040\000m\000o\000d\000e\000l\000o\000s}{section*.21}% 22
\BOOKMARK [1][-]{section*.24}{\376\377\000P\000r\000e\000d\000i\000c\000c\000i\000\363\000n}{}% 23
\BOOKMARK [1][-]{section*.25}{\376\377\000R\000e\000s\000u\000l\000t\000a\000d\000o\000\040\000e\000n\000\040\000K\000a\000g\000g\000l\000e}{}% 24
\BOOKMARK [1][-]{section*.26}{\376\377\000C\000o\000n\000c\000l\000u\000s\000i\000o\000n\000e\000s}{}% 25
\BOOKMARK [1][-]{section*.27}{\376\377\000R\000e\000f\000e\000r\000e\000n\000c\000i\000a\000s}{}% 26
